# JRE version: Java(TM) SE Runtime Environment (14.0.2+12) (build 14.0.2+12-46)
# Java VM: Java HotSpot(TM) 64-Bit Server VM (14.0.2+12-46, mixed mode, sharing, tiered, compressed oops, g1 gc, windows-amd64)
Heap:
 garbage-first heap   total 20480K, used 7994K [0x0000000082800000, 0x0000000100000000)
  region size 1024K, 1 young (1024K), 0 survivors (0K)
 Metaspace       used 8554K, capacity 8866K, committed 8960K, reserved 1056768K
  class space    used 863K, capacity 999K, committed 1024K, reserved 1048576K
GC Heap History (20 events):
Event: 2.121 GC heap before
{Heap before GC invocations=7 (full 1):
 garbage-first heap   total 10240K, used 4526K [0x0000000082800000, 0x0000000100000000)
  region size 1024K, 3 young (3072K), 1 survivors (1024K)
 Metaspace       used 2192K, capacity 4864K, committed 5120K, reserved 1056768K
  class space    used 198K, capacity 464K, committed 512K, reserved 1048576K
}
Event: 2.122 GC heap after
{Heap after GC invocations=8 (full 1):
 garbage-first heap   total 10240K, used 2685K [0x0000000082800000, 0x0000000100000000)
  region size 1024K, 1 young (1024K), 1 survivors (1024K)
 Metaspace       used 2192K, capacity 4864K, committed 5120K, reserved 1056768K
  class space    used 198K, capacity 464K, committed 512K, reserved 1048576K
}
Event: 2.126 GC heap before
{Heap before GC invocations=8 (full 1):
 garbage-first heap   total 10240K, used 4733K [0x0000000082800000, 0x0000000100000000)
  region size 1024K, 3 young (3072K), 1 survivors (1024K)
 Metaspace       used 2194K, capacity 4864K, committed 5120K, reserved 1056768K
  class space    used 198K, capacity 464K, committed 512K, reserved 1048576K
}
Event: 2.127 GC heap after
{Heap after GC invocations=9 (full 1):
 garbage-first heap   total 10240K, used 2840K [0x0000000082800000, 0x0000000100000000)
  region size 1024K, 1 young (1024K), 1 survivors (1024K)
 Metaspace       used 2194K, capacity 4864K, committed 5120K, reserved 1056768K
  class space    used 198K, capacity 464K, committed 512K, reserved 1048576K
}
Event: 2.131 GC heap before
{Heap before GC invocations=9 (full 1):
 garbage-first heap   total 10240K, used 4888K [0x0000000082800000, 0x0000000100000000)
  region size 1024K, 3 young (3072K), 1 survivors (1024K)
 Metaspace       used 2195K, capacity 4864K, committed 5120K, reserved 1056768K
  class space    used 198K, capacity 464K, committed 512K, reserved 1048576K
}
Event: 2.133 GC heap after
{Heap after GC invocations=10 (full 1):
 garbage-first heap   total 10240K, used 3105K [0x0000000082800000, 0x0000000100000000)
  region size 1024K, 1 young (1024K), 1 survivors (1024K)
 Metaspace       used 2195K, capacity 4864K, committed 5120K, reserved 1056768K
  class space    used 198K, capacity 464K, committed 512K, reserved 1048576K
}
Event: 2.139 GC heap before
{Heap before GC invocations=11 (full 1):
 garbage-first heap   total 14336K, used 5153K [0x0000000082800000, 0x0000000100000000)
  region size 1024K, 3 young (3072K), 1 survivors (1024K)
 Metaspace       used 2202K, capacity 4864K, committed 5120K, reserved 1056768K
  class space    used 198K, capacity 464K, committed 512K, reserved 1048576K
}
Event: 2.140 GC heap after
{Heap after GC invocations=12 (full 1):
 garbage-first heap   total 14336K, used 3276K [0x0000000082800000, 0x0000000100000000)
  region size 1024K, 1 young (1024K), 1 survivors (1024K)
 Metaspace       used 2202K, capacity 4864K, committed 5120K, reserved 1056768K
  class space    used 198K, capacity 464K, committed 512K, reserved 1048576K
}
Event: 2.144 GC heap before
{Heap before GC invocations=12 (full 1):
 garbage-first heap   total 14336K, used 4300K [0x0000000082800000, 0x0000000100000000)
  region size 1024K, 2 young (2048K), 1 survivors (1024K)
 Metaspace       used 2207K, capacity 4864K, committed 5120K, reserved 1056768K
  class space    used 198K, capacity 464K, committed 512K, reserved 1048576K
}
Event: 2.146 GC heap after
{Heap after GC invocations=13 (full 1):
 garbage-first heap   total 71680K, used 3431K [0x0000000082800000, 0x0000000100000000)
  region size 1024K, 1 young (1024K), 1 survivors (1024K)
 Metaspace       used 2207K, capacity 4864K, committed 5120K, reserved 1056768K
  class space    used 198K, capacity 464K, committed 512K, reserved 1048576K
}
Event: 2.247 GC heap before
{Heap before GC invocations=13 (full 1):
 garbage-first heap   total 71680K, used 20839K [0x0000000082800000, 0x0000000100000000)
  region size 1024K, 19 young (19456K), 1 survivors (1024K)
 Metaspace       used 2260K, capacity 4865K, committed 5120K, reserved 1056768K
  class space    used 198K, capacity 464K, committed 512K, reserved 1048576K
}
Event: 2.263 GC heap after
{Heap after GC invocations=14 (full 2):
 garbage-first heap   total 20480K, used 5165K [0x0000000082800000, 0x0000000100000000)
  region size 1024K, 0 young (0K), 0 survivors (0K)
 Metaspace       used 2260K, capacity 4865K, committed 5120K, reserved 1056768K
  class space    used 198K, capacity 464K, committed 512K, reserved 1048576K
}
Event: 4.355 GC heap before
{Heap before GC invocations=14 (full 2):
 garbage-first heap   total 20480K, used 14381K [0x0000000082800000, 0x0000000100000000)
  region size 1024K, 9 young (9216K), 0 survivors (0K)
 Metaspace       used 6949K, capacity 7213K, committed 7296K, reserved 1056768K
  class space    used 695K, capacity 832K, committed 896K, reserved 1048576K
}
Event: 4.359 GC heap after
{Heap after GC invocations=15 (full 2):
 garbage-first heap   total 20480K, used 7299K [0x0000000082800000, 0x0000000100000000)
  region size 1024K, 2 young (2048K), 2 survivors (2048K)
 Metaspace       used 6949K, capacity 7213K, committed 7296K, reserved 1056768K
  class space    used 695K, capacity 832K, committed 896K, reserved 1048576K
}
Event: 4.409 GC heap before
{Heap before GC invocations=15 (full 2):
 garbage-first heap   total 20480K, used 8323K [0x0000000082800000, 0x0000000100000000)
  region size 1024K, 4 young (4096K), 2 survivors (2048K)
 Metaspace       used 7295K, capacity 7635K, committed 7808K, reserved 1056768K
  class space    used 733K, capacity 865K, committed 896K, reserved 1048576K
}
Event: 4.420 GC heap after
{Heap after GC invocations=16 (full 3):
 garbage-first heap   total 20480K, used 7276K [0x0000000082800000, 0x0000000100000000)
  region size 1024K, 0 young (0K), 0 survivors (0K)
 Metaspace       used 7295K, capacity 7635K, committed 7808K, reserved 1056768K
  class space    used 733K, capacity 865K, committed 896K, reserved 1048576K
}
Event: 5.672 GC heap before
{Heap before GC invocations=16 (full 3):
 garbage-first heap   total 20480K, used 12396K [0x0000000082800000, 0x0000000100000000)
  region size 1024K, 5 young (5120K), 0 survivors (0K)
 Metaspace       used 8485K, capacity 8802K, committed 8960K, reserved 1056768K
  class space    used 859K, capacity 999K, committed 1024K, reserved 1048576K
}
Event: 5.674 GC heap after
{Heap after GC invocations=17 (full 3):
 garbage-first heap   total 20480K, used 8243K [0x0000000082800000, 0x0000000100000000)
  region size 1024K, 1 young (1024K), 1 survivors (1024K)
 Metaspace       used 8485K, capacity 8802K, committed 8960K, reserved 1056768K
  class space    used 859K, capacity 999K, committed 1024K, reserved 1048576K
}
Event: 56.934 GC heap before
{Heap before GC invocations=17 (full 3):
 garbage-first heap   total 20480K, used 10291K [0x0000000082800000, 0x0000000100000000)
  region size 1024K, 4 young (4096K), 1 survivors (1024K)
 Metaspace       used 8554K, capacity 8866K, committed 8960K, reserved 1056768K
  class space    used 863K, capacity 999K, committed 1024K, reserved 1048576K
}
Event: 56.947 GC heap after
{Heap after GC invocations=18 (full 4):
 garbage-first heap   total 20480K, used 7994K [0x0000000082800000, 0x0000000100000000)
  region size 1024K, 0 young (0K), 0 survivors (0K)
 Metaspace       used 8554K, capacity 8866K, committed 8960K, reserved 1056768K
  class space    used 863K, capacity 999K, committed 1024K, reserved 1048576K
}

